Solving the following 3-star 14 * 14 puzzle:
╌╌╌╌╌╌╌╌╌╌╌╌╌╌╌╌╌╌╌╌╌╌╌╌╌╌╌╌╌╌╌╌╌╌╌╌╌╌╌╌╌╌╌
│  ┊  ┊  ┊  ┊  ┊  ┊  ║  ┊  ┊  ┊  ║  ┊  ┊  │ 
 ═════════╌╌╌══════╌╌╌═════════╌╌╌╌╌╌╌╌╌╌╌╌
│  ┊  ┊  ║  ║  ┊  ║  ┊  ┊  ┊  ║  ║  ┊  ┊  │ 
 ═══╌╌╌═══╌╌╌╌╌╌╌╌╌════════════╌╌╌╌╌╌╌╌╌╌╌╌
│  ║  ║  ┊  ║  ┊  ┊  ║  ┊  ║  ┊  ║  ┊  ┊  │ 
 ╌╌╌╌╌╌╌╌╌═══╌╌╌══════╌╌╌╌╌╌╌╌╌╌╌╌══════╌╌╌
│  ║  ║  ║  ┊  ║  ┊  ┊  ┊  ║  ┊  ┊  ┊  ║  │ 
 ╌╌╌╌╌╌═══╌╌╌╌╌╌╌╌╌═════════╌╌╌═══╌╌╌═══╌╌╌
│  ║  ┊  ║  ┊  ║  ║  ┊  ║  ┊  ║  ║  ║  ║  │ 
 ╌╌╌═══╌╌╌╌╌╌═══╌╌╌═══╌╌╌══════╌╌╌═══╌╌╌═══
│  ║  ║  ║  ║  ┊  ┊  ║  ┊  ┊  ┊  ┊  ║  ┊  │ 
 ╌╌╌╌╌╌═══╌╌╌═════════╌╌╌╌╌╌═══╌╌╌╌╌╌╌╌╌╌╌╌
│  ║  ┊  ┊  ┊  ║  ┊  ║  ┊  ║  ║  ┊  ║  ┊  │ 
 ╌╌╌══════╌╌╌╌╌╌╌╌╌═══╌╌╌╌╌╌╌╌╌══════╌╌╌╌╌╌
│  ┊  ┊  ║  ┊  ║  ║  ┊  ┊  ║  ┊  ┊  ┊  ┊  │ 
 ╌╌╌════════════╌╌╌═════════════════════╌╌╌
│  ║  ┊  ┊  ┊  ┊  ┊  ┊  ║  ┊  ┊  ┊  ┊  ║  │ 
 ╌╌╌══════╌╌╌═════════╌╌╌╌╌╌═══╌╌╌═══╌╌╌╌╌╌
│  ┊  ┊  ║  ║  ┊  ┊  ║  ║  ║  ║  ║  ║  ║  │ 
 ╌╌╌══════╌╌╌═══╌╌╌═══╌╌╌═══╌╌╌═══╌╌╌╌╌╌═══
│  ║  ║  ┊  ┊  ║  ║  ┊  ║  ┊  ║  ┊  ║  ┊  │ 
 ╌╌╌╌╌╌═══╌╌╌╌╌╌╌╌╌╌╌╌╌╌╌╌╌╌═══╌╌╌╌╌╌╌╌╌╌╌╌
│  ║  ║  ║  ┊  ║  ║  ┊  ║  ║  ┊  ┊  ║  ┊  │ 
 ╌╌╌╌╌╌╌╌╌══════╌╌╌══════╌╌╌═══╌╌╌╌╌╌══════
│  ║  ║  ┊  ┊  ┊  ┊  ┊  ┊  ┊  ║  ┊  ┊  ┊  │ 
 ╌╌╌╌╌╌═════════╌╌╌╌╌╌╌╌╌╌╌╌═══╌╌╌╌╌╌╌╌╌╌╌╌
│  ║  ┊  ┊  ┊  ║  ┊  ┊  ┊  ║  ┊  ┊  ┊  ┊  │ 
╌╌╌╌╌╌╌╌╌╌╌╌╌╌╌╌╌╌╌╌╌╌╌╌╌╌╌╌╌╌╌╌╌╌╌╌╌╌╌╌╌╌╌


---------------------
Asking Z3 to solve 757 integer constraints in 196 variables..
---------------------
Solution found by Z3 after 2.7760801315307617 secs:
╌╌╌╌╌╌╌╌╌╌╌╌╌╌╌╌╌╌╌╌╌╌╌╌╌╌╌╌╌╌╌╌╌╌╌╌╌╌╌╌╌╌╌
│ *┊  ┊  ┊ *┊  ┊  ┊  ║ *┊  ┊  ┊  ║  ┊  ┊  │ 
 ═════════╌╌╌══════╌╌╌═════════╌╌╌╌╌╌╌╌╌╌╌╌
│  ┊  ┊ *║  ║  ┊  ║  ┊  ┊  ┊ *║  ║  ┊ *┊  │ 
 ═══╌╌╌═══╌╌╌╌╌╌╌╌╌════════════╌╌╌╌╌╌╌╌╌╌╌╌
│  ║ *║  ┊  ║  ┊  ┊  ║ *┊  ║  ┊  ║ *┊  ┊  │ 
 ╌╌╌╌╌╌╌╌╌═══╌╌╌══════╌╌╌╌╌╌╌╌╌╌╌╌══════╌╌╌
│  ║  ║  ║  ┊  ║  ┊ *┊  ┊  ║ *┊  ┊  ┊  ║ *│ 
 ╌╌╌╌╌╌═══╌╌╌╌╌╌╌╌╌═════════╌╌╌═══╌╌╌═══╌╌╌
│  ║ *┊  ║ *┊  ║  ║  ┊  ║ *┊  ║  ║  ║  ║  │ 
 ╌╌╌═══╌╌╌╌╌╌═══╌╌╌═══╌╌╌══════╌╌╌═══╌╌╌═══
│  ║  ║  ║  ║  ┊ *┊  ║  ┊  ┊  ┊ *┊  ║  ┊ *│ 
 ╌╌╌╌╌╌═══╌╌╌═════════╌╌╌╌╌╌═══╌╌╌╌╌╌╌╌╌╌╌╌
│ *║  ┊  ┊  ┊ *║  ┊  ║  ┊  ║  ║  ┊  ║ *┊  │ 
 ╌╌╌══════╌╌╌╌╌╌╌╌╌═══╌╌╌╌╌╌╌╌╌══════╌╌╌╌╌╌
│  ┊  ┊  ║ *┊  ║  ║ *┊  ┊ *║  ┊  ┊  ┊  ┊  │ 
 ╌╌╌════════════╌╌╌═════════════════════╌╌╌
│  ║  ┊  ┊  ┊  ┊ *┊  ┊  ║  ┊  ┊  ┊ *┊  ║ *│ 
 ╌╌╌══════╌╌╌═════════╌╌╌╌╌╌═══╌╌╌═══╌╌╌╌╌╌
│  ┊  ┊ *║  ║  ┊  ┊  ║ *║  ║  ║ *║  ║  ║  │ 
 ╌╌╌══════╌╌╌═══╌╌╌═══╌╌╌═══╌╌╌═══╌╌╌╌╌╌═══
│  ║ *║  ┊  ┊  ║ *║  ┊  ║  ┊  ║  ┊  ║ *┊  │ 
 ╌╌╌╌╌╌═══╌╌╌╌╌╌╌╌╌╌╌╌╌╌╌╌╌╌═══╌╌╌╌╌╌╌╌╌╌╌╌
│  ║  ║  ║  ┊ *║  ║  ┊  ║ *║  ┊  ┊ *║  ┊  │ 
 ╌╌╌╌╌╌╌╌╌══════╌╌╌══════╌╌╌═══╌╌╌╌╌╌══════
│ *║  ║  ┊  ┊  ┊  ┊ *┊  ┊  ┊  ║ *┊  ┊  ┊  │ 
 ╌╌╌╌╌╌═════════╌╌╌╌╌╌╌╌╌╌╌╌═══╌╌╌╌╌╌╌╌╌╌╌╌
│  ║  ┊ *┊  ┊ *║  ┊  ┊  ┊  ║ *┊  ┊  ┊  ┊  │ 
╌╌╌╌╌╌╌╌╌╌╌╌╌╌╌╌╌╌╌╌╌╌╌╌╌╌╌╌╌╌╌╌╌╌╌╌╌╌╌╌╌╌╌


--------------------
Performing manual Python check of solution:
Check passed
